Loading positions from data/selfplay_500_diverse.npz...
Labeling 500 positions with 6 workers...
Estimated time: 0.7 hours
(Solver used OFFLINE only - runtime engine won't call solver!)

Labeling positions:   0%|          | 0/500 [00:00<?, ?it/s]Labeling positions:   2%|▏         | 12/500 [00:00<00:04, 101.49it/s]Labeling positions:   8%|▊         | 41/500 [00:00<00:02, 197.80it/s]Labeling positions:  12%|█▏        | 62/500 [00:00<00:02, 191.57it/s]Labeling positions:  17%|█▋        | 85/500 [00:00<00:02, 204.29it/s]Labeling positions:  21%|██        | 106/500 [00:00<00:01, 199.24it/s]Labeling positions:  25%|██▌       | 127/500 [00:00<00:01, 201.81it/s]Labeling positions:  30%|███       | 151/500 [00:00<00:01, 205.52it/s]Labeling positions:  34%|███▍      | 172/500 [00:01<00:03, 94.23it/s] Labeling positions:  51%|█████     | 253/500 [00:01<00:01, 211.07it/s]Labeling positions:  58%|█████▊    | 289/500 [00:01<00:01, 204.47it/s]Labeling positions:  64%|██████▍   | 320/500 [00:01<00:01, 158.45it/s]Labeling positions:  69%|██████▉   | 345/500 [00:02<00:00, 160.45it/s]Labeling positions:  73%|███████▎  | 367/500 [00:02<00:00, 164.50it/s]Labeling positions:  80%|████████  | 400/500 [00:02<00:00, 181.65it/s]Labeling positions:  86%|████████▌ | 428/500 [00:02<00:00, 196.84it/s]Labeling positions:  90%|█████████ | 451/500 [00:02<00:00, 198.60it/s]Labeling positions:  95%|█████████▍| 473/500 [00:02<00:00, 200.06it/s]Labeling positions:  99%|█████████▉| 495/500 [00:02<00:00, 185.39it/s]Labeling positions: 100%|██████████| 500/500 [00:02<00:00, 180.95it/s]

Saving labeled dataset to data/selfplay_500_diverse_labeled.npz...

============================================================
LABELING COMPLETE
============================================================
Total positions: 500
Successfully labeled: 500
Errors: 0
Time elapsed: 0.0 minutes
Throughput: 648711 positions/hour

WDL Distribution:
  Wins:   279 (55.8%)
  Draws:  8 (1.6%)
  Losses: 213 (42.6%)

Labeled dataset saved to: data/selfplay_500_diverse_labeled.npz
File size: 0.0 MB
