nohup: ignoring input
/mnt/ssd2pro/miniforge3/envs/tetrisrl/lib/python3.10/site-packages/torch/cuda/__init__.py:235: UserWarning: 
NVIDIA GeForce RTX 5080 with CUDA capability sm_120 is not compatible with the current PyTorch installation.
The current PyTorch install supports CUDA capabilities sm_50 sm_60 sm_61 sm_70 sm_75 sm_80 sm_86 sm_89 sm_90 compute_90.
If you want to use the NVIDIA GeForce RTX 5080 GPU with PyTorch, please check the instructions at https://pytorch.org/get-started/locally/

  warnings.warn(
============================================================
AlphaZero Light - Connect Four (4-in-a-Row) Training
============================================================
ðŸš€ GPU Detected: NVIDIA GeForce RTX 5080
ðŸ’¾ VRAM: 15.44 GB
Device: cuda
Board: 6x7, Win Length: 4

âœ¨ Teacher-Solver mode enabled!
Training Configuration:
  Iterations: 350
  Self-play games per iteration: 150
  Training epochs: 90
  Batch size: 1024
  MCTS searches: 400
  Evaluation frequency: every 10 iterations

ðŸ”„ Found existing training history at checkpoints/connect4/training_history.json
ðŸ“¥ Resuming from iteration 196...
âœ… Model and Optimizer state loaded.
Overall Progress:  56%|â–ˆâ–ˆâ–ˆâ–ˆâ–ˆâ–ˆâ–ˆâ–ˆâ–ˆâ–ˆâ–ˆâ–ˆâ–ˆâ–ˆâ–ˆâ–ˆâ–ˆâ–ˆâ–ˆâ–ˆâ–ˆâ–ˆâ–ˆâ–ˆâ–ˆâ–ˆâ–ˆâ–ˆâ–Œ                      | 196/350 [00:00<?, ?it/s]
============================================================
ðŸ“ Iteration 197/350
============================================================
ðŸŽ® MAIN: 97% self-play, 1.5% aggressive, 1.5% heuristic
   - 150 games
   - Model randomly plays as Player 1 or -1 (50/50)
   - MCTS searches: 400
   - Training epochs: 120
   - Temperature: 0.75
   - Phase: main
   - Teacher-Solver mode: ENABLED
   - Solver schedule: target â‰¥80% usage mid/late game

Self-play:   0%|                                        | 0/150 [00:00<?, ?it/s][ASelf-play:   0%|                                        | 0/150 [01:37<?, ?it/s]
âš ï¸ Safe opening failed: Given groups=1, weight of size [256, 3, 3, 3], expected input[1, 1, 6, 7] to have 3 channels, but got 1 channels instead, using MCTS fallback
âš ï¸ Safe opening failed: Given groups=1, weight of size [256, 3, 3, 3], expected input[1, 1, 6, 7] to have 3 channels, but got 1 channels instead, using MCTS fallback
âš ï¸ Safe opening failed: Given groups=1, weight of size [256, 3, 3, 3], expected input[1, 1, 6, 7] to have 3 channels, but got 1 channels instead, using MCTS fallback
âš ï¸ Safe opening failed: Given groups=1, weight of size [256, 3, 3, 3], expected input[1, 1, 6, 7] to have 3 channels, but got 1 channels instead, using MCTS fallback
âš ï¸ Safe opening failed: Given groups=1, weight of size [256, 3, 3, 3], expected input[1, 1, 6, 7] to have 3 channels, but got 1 channels instead, using MCTS fallback
âš ï¸ Safe opening failed: Given groups=1, weight of size [256, 3, 3, 3], expected input[1, 1, 6, 7] to have 3 channels, but got 1 channels instead, using MCTS fallback
âš ï¸ Safe opening failed: Given groups=1, weight of size [256, 3, 3, 3], expected input[1, 1, 6, 7] to have 3 channels, but got 1 channels instead, using MCTS fallback
Overall Progress:  56%|â–ˆâ–ˆâ–ˆâ–ˆâ–ˆâ–ˆâ–ˆâ–ˆâ–ˆâ–ˆâ–ˆâ–ˆâ–ˆâ–ˆâ–ˆâ–ˆâ–ˆâ–ˆâ–ˆâ–ˆâ–ˆâ–ˆâ–ˆâ–ˆâ–ˆâ–ˆâ–ˆâ–ˆâ–Œ                      | 196/350 [01:37<?, ?it/s]
Traceback (most recent call last):
  File "/mnt/ssd2pro/alpha-zero-light/training/scripts/train_connect4.py", line 75, in <module>
    main()
  File "/mnt/ssd2pro/alpha-zero-light/training/scripts/train_connect4.py", line 67, in main
    history = trainer.learn(checkpoint_dir=PATHS.checkpoints)
  File "/mnt/ssd2pro/alpha-zero-light/training/scripts/../../src/alpha_zero_light/training/trainer.py", line 940, in learn
    game_memory, outcome, move_srcs = self.self_play_teacher_guided(temperature=temperature)
  File "/mnt/ssd2pro/alpha-zero-light/training/scripts/../../src/alpha_zero_light/training/trainer.py", line 424, in self_play_teacher_guided
    pi, v_target, meta = self.teacher_solver.query_teacher(
  File "/mnt/ssd2pro/alpha-zero-light/training/scripts/../../src/alpha_zero_light/training/teacher_solver.py", line 161, in query_teacher
    pi, v, meta = self._nn_policy_and_value(state, player, model)
  File "/mnt/ssd2pro/alpha-zero-light/training/scripts/../../src/alpha_zero_light/training/teacher_solver.py", line 382, in _nn_policy_and_value
    policy_logits, value = model(state_tensor)
  File "/mnt/ssd2pro/miniforge3/envs/tetrisrl/lib/python3.10/site-packages/torch/nn/modules/module.py", line 1739, in _wrapped_call_impl
    return self._call_impl(*args, **kwargs)
  File "/mnt/ssd2pro/miniforge3/envs/tetrisrl/lib/python3.10/site-packages/torch/nn/modules/module.py", line 1750, in _call_impl
    return forward_call(*args, **kwargs)
  File "/mnt/ssd2pro/alpha-zero-light/training/scripts/../../src/alpha_zero_light/model/network.py", line 36, in forward
    x = self.start_block(x)
  File "/mnt/ssd2pro/miniforge3/envs/tetrisrl/lib/python3.10/site-packages/torch/nn/modules/module.py", line 1739, in _wrapped_call_impl
    return self._call_impl(*args, **kwargs)
  File "/mnt/ssd2pro/miniforge3/envs/tetrisrl/lib/python3.10/site-packages/torch/nn/modules/module.py", line 1750, in _call_impl
    return forward_call(*args, **kwargs)
  File "/mnt/ssd2pro/miniforge3/envs/tetrisrl/lib/python3.10/site-packages/torch/nn/modules/container.py", line 250, in forward
    input = module(input)
  File "/mnt/ssd2pro/miniforge3/envs/tetrisrl/lib/python3.10/site-packages/torch/nn/modules/module.py", line 1739, in _wrapped_call_impl
    return self._call_impl(*args, **kwargs)
  File "/mnt/ssd2pro/miniforge3/envs/tetrisrl/lib/python3.10/site-packages/torch/nn/modules/module.py", line 1750, in _call_impl
    return forward_call(*args, **kwargs)
  File "/mnt/ssd2pro/miniforge3/envs/tetrisrl/lib/python3.10/site-packages/torch/nn/modules/conv.py", line 554, in forward
    return self._conv_forward(input, self.weight, self.bias)
  File "/mnt/ssd2pro/miniforge3/envs/tetrisrl/lib/python3.10/site-packages/torch/nn/modules/conv.py", line 549, in _conv_forward
    return F.conv2d(
RuntimeError: Given groups=1, weight of size [256, 3, 3, 3], expected input[1, 1, 6, 7] to have 3 channels, but got 1 channels instead
